<?xml version="1.0" encoding="UTF-8"?>
<testsuite name="io.github.hazemafaneh.networkinspectionpro.NetworkInspectionProTest" tests="3" skipped="0" failures="0" errors="0" timestamp="2026-03-30T08:57:52.325Z" hostname="Hazems-MacBook-Pro.local" time="0.001">
  <properties/>
  <testcase name="disabled by default[iosSimulatorArm64]" classname="io.github.hazemafaneh.networkinspectionpro.NetworkInspectionProTest" time="0.001"/>
  <testcase name="enable sets isEnabled to true[iosSimulatorArm64]" classname="io.github.hazemafaneh.networkinspectionpro.NetworkInspectionProTest" time="0.0"/>
  <testcase name="disable sets isEnabled to false[iosSimulatorArm64]" classname="io.github.hazemafaneh.networkinspectionpro.NetworkInspectionProTest" time="0.0"/>
  <system-out><![CDATA[]]></system-out>
  <system-err><![CDATA[]]></system-err>
</testsuite>
