<?xml version="1.0" encoding="UTF-8"?>
<testsuite name="io.github.hazemafaneh.networkinspectionpro.NetworkLogEntryTest" tests="4" skipped="0" failures="0" errors="0" timestamp="2026-03-30T08:57:52.326Z" hostname="Hazems-MacBook-Pro.local" time="0.001">
  <properties/>
  <testcase name="default values are applied correctly[iosSimulatorArm64]" classname="io.github.hazemafaneh.networkinspectionpro.NetworkLogEntryTest" time="0.0"/>
  <testcase name="serialization round-trip preserves all fields[iosSimulatorArm64]" classname="io.github.hazemafaneh.networkinspectionpro.NetworkLogEntryTest" time="0.001"/>
  <testcase name="serialization round-trip with null optional fields[iosSimulatorArm64]" classname="io.github.hazemafaneh.networkinspectionpro.NetworkLogEntryTest" time="0.0"/>
  <testcase name="isError flag is preserved[iosSimulatorArm64]" classname="io.github.hazemafaneh.networkinspectionpro.NetworkLogEntryTest" time="0.0"/>
  <system-out><![CDATA[]]></system-out>
  <system-err><![CDATA[]]></system-err>
</testsuite>
