<?xml version="1.0" encoding="UTF-8"?>
<testsuite name="io.github.hazemafaneh.networkinspectionpro.NetworkInspectionProTest" tests="3" skipped="0" failures="0" errors="0" timestamp="2026-03-30T08:55:01.082Z" hostname="Hazems-MacBook-Pro.local" time="0.011">
  <properties/>
  <testcase name="enable sets isEnabled to true" classname="io.github.hazemafaneh.networkinspectionpro.NetworkInspectionProTest" time="0.01"/>
  <testcase name="disable sets isEnabled to false" classname="io.github.hazemafaneh.networkinspectionpro.NetworkInspectionProTest" time="0.0"/>
  <testcase name="disabled by default" classname="io.github.hazemafaneh.networkinspectionpro.NetworkInspectionProTest" time="0.001"/>
  <system-out><![CDATA[]]></system-out>
  <system-err><![CDATA[]]></system-err>
</testsuite>
