<?xml version="1.0" encoding="UTF-8"?>
<testsuite name="io.github.hazemafaneh.networkinspectionpro.NetworkLogStoreTest" tests="6" skipped="0" failures="0" errors="0" timestamp="2026-03-30T08:54:59.659Z" hostname="Hazems-MacBook-Pro.local" time="0.004">
  <properties/>
  <testcase name="addOrUpdate replaces existing entry with same id" classname="io.github.hazemafaneh.networkinspectionpro.NetworkLogStoreTest" time="0.003"/>
  <testcase name="clear removes all entries" classname="io.github.hazemafaneh.networkinspectionpro.NetworkLogStoreTest" time="0.0"/>
  <testcase name="addOrUpdate preserves order when updating" classname="io.github.hazemafaneh.networkinspectionpro.NetworkLogStoreTest" time="0.001"/>
  <testcase name="empty by default" classname="io.github.hazemafaneh.networkinspectionpro.NetworkLogStoreTest" time="0.0"/>
  <testcase name="addOrUpdate adds new entry" classname="io.github.hazemafaneh.networkinspectionpro.NetworkLogStoreTest" time="0.0"/>
  <testcase name="addOrUpdate appends multiple distinct entries" classname="io.github.hazemafaneh.networkinspectionpro.NetworkLogStoreTest" time="0.0"/>
  <system-out><![CDATA[]]></system-out>
  <system-err><![CDATA[]]></system-err>
</testsuite>
